2026-05-30 11:50:39,583 INFO o.a.j.u.JMeterUtils: Setting Locale to en_EN
2026-05-30 11:50:39,595 INFO o.a.j.JMeter: Loading user properties from: F:\Program Files\apache-jmeter-5.6.3\bin\user.properties
2026-05-30 11:50:39,595 INFO o.a.j.JMeter: Loading system properties from: F:\Program Files\apache-jmeter-5.6.3\bin\system.properties
2026-05-30 11:50:39,601 INFO o.a.j.JMeter: Copyright (c) 1998-2024 The Apache Software Foundation
2026-05-30 11:50:39,601 INFO o.a.j.JMeter: Version 5.6.3
2026-05-30 11:50:39,601 INFO o.a.j.JMeter: java.version=25.0.3
2026-05-30 11:50:39,601 INFO o.a.j.JMeter: java.vm.name=OpenJDK 64-Bit Server VM
2026-05-30 11:50:39,601 INFO o.a.j.JMeter: os.name=Windows 11
2026-05-30 11:50:39,601 INFO o.a.j.JMeter: os.arch=amd64
2026-05-30 11:50:39,601 INFO o.a.j.JMeter: os.version=10.0
2026-05-30 11:50:39,602 INFO o.a.j.JMeter: file.encoding=UTF-8
2026-05-30 11:50:39,602 INFO o.a.j.JMeter: java.awt.headless=true
2026-05-30 11:50:39,602 INFO o.a.j.JMeter: Max memory     =1073741824
2026-05-30 11:50:39,602 INFO o.a.j.JMeter: Available Processors =8
2026-05-30 11:50:39,613 INFO o.a.j.JMeter: Default Locale=English (EN)
2026-05-30 11:50:39,614 INFO o.a.j.JMeter: JMeter  Locale=English (EN)
2026-05-30 11:50:39,614 INFO o.a.j.JMeter: JMeterHome=F:\Program Files\apache-jmeter-5.6.3
2026-05-30 11:50:39,614 INFO o.a.j.JMeter: user.dir  =F:\КАІ\3курс\2 Семестр\ЯПЗТ\jmeter-performance-testing
2026-05-30 11:50:39,615 INFO o.a.j.JMeter: PWD       =F:\КАІ\3курс\2 Семестр\ЯПЗТ\jmeter-performance-testing
2026-05-30 11:50:39,630 INFO o.a.j.JMeter: IP: 192.168.1.5 Name: LAPTOP-XURCEO FullName: 192.168.1.5
2026-05-30 11:50:39,638 INFO o.a.j.JMeter: Setting property 'jmeter.reportgenerator.outputdir' to:'F:\КАІ\3курс\2 Семестр\ЯПЗТ\jmeter-performance-testing\reports\html_report_login'
2026-05-30 11:50:39,641 INFO o.a.j.s.FileServer: Default base='F:\КАІ\3курс\2 Семестр\ЯПЗТ\jmeter-performance-testing'
2026-05-30 11:50:39,642 INFO o.a.j.s.FileServer: Set new base='F:\КАІ\3курс\2 Семестр\ЯПЗТ\jmeter-performance-testing\test-plans'
2026-05-30 11:50:39,834 INFO o.a.j.s.SaveService: Testplan (JMX) version: 2.2. Testlog (JTL) version: 2.2
2026-05-30 11:50:39,849 INFO o.a.j.s.SaveService: Using SaveService properties version 5.0
2026-05-30 11:50:39,850 INFO o.a.j.s.SaveService: Using SaveService properties file encoding UTF-8
2026-05-30 11:50:39,852 INFO o.a.j.s.SaveService: Loading file: test-plans\login_test.jmx
2026-05-30 11:50:39,900 INFO o.a.j.p.h.s.HTTPSamplerBase: Parser for text/html is org.apache.jmeter.protocol.http.parser.LagartoBasedHtmlParser
2026-05-30 11:50:39,900 INFO o.a.j.p.h.s.HTTPSamplerBase: Parser for application/xhtml+xml is org.apache.jmeter.protocol.http.parser.LagartoBasedHtmlParser
2026-05-30 11:50:39,900 INFO o.a.j.p.h.s.HTTPSamplerBase: Parser for application/xml is org.apache.jmeter.protocol.http.parser.LagartoBasedHtmlParser
2026-05-30 11:50:39,900 INFO o.a.j.p.h.s.HTTPSamplerBase: Parser for text/xml is org.apache.jmeter.protocol.http.parser.LagartoBasedHtmlParser
2026-05-30 11:50:39,900 INFO o.a.j.p.h.s.HTTPSamplerBase: Parser for text/vnd.wap.wml is org.apache.jmeter.protocol.http.parser.RegexpHTMLParser
2026-05-30 11:50:39,900 INFO o.a.j.p.h.s.HTTPSamplerBase: Parser for text/css is org.apache.jmeter.protocol.http.parser.CssParser
2026-05-30 11:50:39,924 INFO o.a.j.JMeter: Creating summariser <summary>
2026-05-30 11:50:39,927 INFO o.a.j.r.d.ReportGenerator: ReportGenerator will use for Parsing the separator: ','
2026-05-30 11:50:39,928 INFO o.a.j.r.d.ReportGenerator: Will generate report at end of test from  results file: results/results_login.jtl
2026-05-30 11:50:39,928 INFO o.a.j.r.d.ReportGenerator: Reading report generator properties from: F:\Program Files\apache-jmeter-5.6.3\bin\reportgenerator.properties
2026-05-30 11:50:39,928 INFO o.a.j.r.d.ReportGenerator: Merging with JMeter properties
2026-05-30 11:50:39,932 INFO o.a.j.r.c.ReportGeneratorConfiguration: Property 'jmeter.reportgenerator.temp_dir' not found, using default value 'temp' instead.
2026-05-30 11:50:39,934 INFO o.a.j.r.c.ReportGeneratorConfiguration: Property 'jmeter.reportgenerator.apdex_per_transaction' not found, using default value 'null' instead.
2026-05-30 11:50:39,934 INFO o.a.j.r.c.ReportGeneratorConfiguration: apdex_per_transaction is empty, not APDEX per transaction customization
2026-05-30 11:50:39,934 INFO o.a.j.r.c.ReportGeneratorConfiguration: Property 'jmeter.reportgenerator.sample_filter' not found, using default value 'null' instead.
2026-05-30 11:50:39,934 INFO o.a.j.r.c.ReportGeneratorConfiguration: Property 'jmeter.reportgenerator.report_title' not found, using default value 'null' instead.
2026-05-30 11:50:39,934 INFO o.a.j.r.c.ReportGeneratorConfiguration: Property 'jmeter.reportgenerator.start_date' not found, using default value 'null' instead.
2026-05-30 11:50:39,934 INFO o.a.j.r.c.ReportGeneratorConfiguration: Property 'jmeter.reportgenerator.end_date' not found, using default value 'null' instead.
2026-05-30 11:50:39,934 INFO o.a.j.r.c.ReportGeneratorConfiguration: Property 'jmeter.reportgenerator.date_format' not found, using default value 'null' instead.
2026-05-30 11:50:39,934 INFO o.a.j.r.c.ReportGeneratorConfiguration: Will use date range start date: null, end date: null
2026-05-30 11:50:39,937 INFO o.a.j.r.c.ReportGeneratorConfiguration: Property 'jmeter.reportgenerator.graph.totalTPS.exclude_controllers' not found, using default value 'false' instead.
2026-05-30 11:50:39,938 INFO o.a.j.r.c.ReportGeneratorConfiguration: Property 'jmeter.reportgenerator.graph.activeThreadsOverTime.exclude_controllers' not found, using default value 'false' instead.
2026-05-30 11:50:39,938 INFO o.a.j.r.c.ReportGeneratorConfiguration: Property 'jmeter.reportgenerator.graph.timeVsThreads.exclude_controllers' not found, using default value 'false' instead.
2026-05-30 11:50:39,938 INFO o.a.j.r.c.ReportGeneratorConfiguration: Property 'jmeter.reportgenerator.graph.responseTimeDistribution.exclude_controllers' not found, using default value 'false' instead.
2026-05-30 11:50:39,938 INFO o.a.j.r.c.ReportGeneratorConfiguration: Property 'jmeter.reportgenerator.graph.transactionsPerSecond.exclude_controllers' not found, using default value 'false' instead.
2026-05-30 11:50:39,938 INFO o.a.j.r.c.ReportGeneratorConfiguration: Property 'jmeter.reportgenerator.graph.responseTimePercentiles.exclude_controllers' not found, using default value 'false' instead.
2026-05-30 11:50:39,938 INFO o.a.j.r.c.ReportGeneratorConfiguration: Property 'jmeter.reportgenerator.graph.responseTimePercentilesOverTime.exclude_controllers' not found, using default value 'false' instead.
2026-05-30 11:50:39,938 INFO o.a.j.r.c.ReportGeneratorConfiguration: Property 'jmeter.reportgenerator.graph.responseTimesOverTime.exclude_controllers' not found, using default value 'false' instead.
2026-05-30 11:50:39,938 INFO o.a.j.r.c.ReportGeneratorConfiguration: Property 'jmeter.reportgenerator.graph.connectTimeOverTime.exclude_controllers' not found, using default value 'false' instead.
2026-05-30 11:50:39,938 INFO o.a.j.r.c.ReportGeneratorConfiguration: Property 'jmeter.reportgenerator.graph.latenciesOverTime.exclude_controllers' not found, using default value 'false' instead.
2026-05-30 11:50:39,939 INFO o.a.j.r.c.ReportGeneratorConfiguration: Property 'jmeter.reportgenerator.exporter.json.filters_only_sample_series' not found, using default value 'true' instead.
2026-05-30 11:50:39,939 INFO o.a.j.r.c.ReportGeneratorConfiguration: Property 'jmeter.reportgenerator.exporter.json.series_filter' not found, using default value '' instead.
2026-05-30 11:50:39,939 INFO o.a.j.r.c.ReportGeneratorConfiguration: Property 'jmeter.reportgenerator.exporter.json.show_controllers_only' not found, using default value 'false' instead.
2026-05-30 11:50:39,939 INFO o.a.j.r.c.ReportGeneratorConfiguration: Property 'jmeter.reportgenerator.exporter.html.filters_only_sample_series' not found, using default value 'true' instead.
2026-05-30 11:50:39,939 INFO o.a.j.r.c.ReportGeneratorConfiguration: Property 'jmeter.reportgenerator.exporter.html.series_filter' not found, using default value '' instead.
2026-05-30 11:50:39,939 INFO o.a.j.r.c.ReportGeneratorConfiguration: Property 'jmeter.reportgenerator.exporter.html.show_controllers_only' not found, using default value 'false' instead.
2026-05-30 11:50:39,949 INFO o.a.j.e.StandardJMeterEngine: Running the test!
2026-05-30 11:50:39,950 INFO o.a.j.s.SampleEvent: List of sample_variables: []
2026-05-30 11:50:39,950 INFO o.a.j.s.SampleEvent: List of sample_variables: []
2026-05-30 11:50:39,955 INFO o.a.j.e.u.CompoundVariable: Note: Function class names must contain the string: '.functions.'
2026-05-30 11:50:39,955 INFO o.a.j.e.u.CompoundVariable: Note: Function class names must not contain the string: '.gui.'
2026-05-30 11:50:40,000 INFO o.a.j.r.ClassFinder: Will scan jar F:\Program Files\apache-jmeter-5.6.3\lib\ext\jmeter-plugins-tst-2.6.jar with filter ExtendsClassFilter [parents=[interface org.apache.jmeter.functions.Function], inner=false, contains=null, notContains=null]. Consider exposing JMeter plugins via META-INF/services, and add JMeter-Skip-Class-Scanning=true manifest attribute so JMeter can skip classfile scanning
2026-05-30 11:50:40,003 INFO o.a.j.r.ClassFinder: Will scan jar F:\Program Files\apache-jmeter-5.6.3\lib\ext\jmeter-plugins-fifo-0.2.jar with filter ExtendsClassFilter [parents=[interface org.apache.jmeter.functions.Function], inner=false, contains=null, notContains=null]. Consider exposing JMeter plugins via META-INF/services, and add JMeter-Skip-Class-Scanning=true manifest attribute so JMeter can skip classfile scanning
2026-05-30 11:50:40,007 INFO o.a.j.r.ClassFinder: Will scan jar F:\Program Files\apache-jmeter-5.6.3\lib\ext\jmeter-plugins-functions-2.2.jar with filter ExtendsClassFilter [parents=[interface org.apache.jmeter.functions.Function], inner=false, contains=null, notContains=null]. Consider exposing JMeter plugins via META-INF/services, and add JMeter-Skip-Class-Scanning=true manifest attribute so JMeter can skip classfile scanning
2026-05-30 11:50:40,009 INFO o.a.j.r.ClassFinder: Will scan jar F:\Program Files\apache-jmeter-5.6.3\lib\ext\jmeter-plugins-manager-1.12.jar with filter ExtendsClassFilter [parents=[interface org.apache.jmeter.functions.Function], inner=false, contains=null, notContains=null]. Consider exposing JMeter plugins via META-INF/services, and add JMeter-Skip-Class-Scanning=true manifest attribute so JMeter can skip classfile scanning
2026-05-30 11:50:40,074 INFO o.a.j.r.ClassFinder: Will scan jar F:\Program Files\apache-jmeter-5.6.3\lib\ext\perfmon-2.2.2.jar with filter ExtendsClassFilter [parents=[interface org.apache.jmeter.functions.Function], inner=false, contains=null, notContains=null]. Consider exposing JMeter plugins via META-INF/services, and add JMeter-Skip-Class-Scanning=true manifest attribute so JMeter can skip classfile scanning
2026-05-30 11:50:40,080 INFO o.a.j.r.ClassFinder: Will scan jar F:\Program Files\apache-jmeter-5.6.3\lib\ext\jmeter-plugins-cmn-jmeter-0.7.jar with filter ExtendsClassFilter [parents=[interface org.apache.jmeter.functions.Function], inner=false, contains=null, notContains=null]. Consider exposing JMeter plugins via META-INF/services, and add JMeter-Skip-Class-Scanning=true manifest attribute so JMeter can skip classfile scanning
2026-05-30 11:50:40,093 INFO o.a.j.r.ClassFinder: Will scan jar F:\Program Files\apache-jmeter-5.6.3\lib\ext\jmeter-plugins-graphs-basic-2.0.jar with filter ExtendsClassFilter [parents=[interface org.apache.jmeter.functions.Function], inner=false, contains=null, notContains=null]. Consider exposing JMeter plugins via META-INF/services, and add JMeter-Skip-Class-Scanning=true manifest attribute so JMeter can skip classfile scanning
2026-05-30 11:50:40,094 INFO o.a.j.r.ClassFinder: Will scan jar F:\Program Files\apache-jmeter-5.6.3\lib\ext\cmdrunner-2.3.jar with filter ExtendsClassFilter [parents=[interface org.apache.jmeter.functions.Function], inner=false, contains=null, notContains=null]. Consider exposing JMeter plugins via META-INF/services, and add JMeter-Skip-Class-Scanning=true manifest attribute so JMeter can skip classfile scanning
2026-05-30 11:50:40,095 INFO o.a.j.r.ClassFinder: Will scan jar F:\Program Files\apache-jmeter-5.6.3\lib\ext\jmeter-plugins-perfmon-2.1.jar with filter ExtendsClassFilter [parents=[interface org.apache.jmeter.functions.Function], inner=false, contains=null, notContains=null]. Consider exposing JMeter plugins via META-INF/services, and add JMeter-Skip-Class-Scanning=true manifest attribute so JMeter can skip classfile scanning
2026-05-30 11:50:40,098 INFO o.a.j.r.ClassFinder: Will scan jar F:\Program Files\apache-jmeter-5.6.3\lib\ext\jmeter-plugins-casutg-3.1.1.jar with filter ExtendsClassFilter [parents=[interface org.apache.jmeter.functions.Function], inner=false, contains=null, notContains=null]. Consider exposing JMeter plugins via META-INF/services, and add JMeter-Skip-Class-Scanning=true manifest attribute so JMeter can skip classfile scanning
2026-05-30 11:50:40,106 INFO o.a.j.r.ClassFinder: Will scan jar F:\Program Files\apache-jmeter-5.6.3\lib\ext\json-lib-2.4-jdk15.jar with filter ExtendsClassFilter [parents=[interface org.apache.jmeter.functions.Function], inner=false, contains=null, notContains=null]. Consider exposing JMeter plugins via META-INF/services, and add JMeter-Skip-Class-Scanning=true manifest attribute so JMeter can skip classfile scanning
2026-05-30 11:50:40,106 INFO o.a.j.r.ClassFinder: Will scan jar F:\Program Files\apache-jmeter-5.6.3\lib\ext\jmeter-plugins-dummy-0.4.jar with filter ExtendsClassFilter [parents=[interface org.apache.jmeter.functions.Function], inner=false, contains=null, notContains=null]. Consider exposing JMeter plugins via META-INF/services, and add JMeter-Skip-Class-Scanning=true manifest attribute so JMeter can skip classfile scanning
2026-05-30 11:50:40,108 INFO o.a.j.r.ClassFinder: Will scan jar F:\Program Files\apache-jmeter-5.6.3\lib\ext\jmeter-plugins-ffw-2.0.jar with filter ExtendsClassFilter [parents=[interface org.apache.jmeter.functions.Function], inner=false, contains=null, notContains=null]. Consider exposing JMeter plugins via META-INF/services, and add JMeter-Skip-Class-Scanning=true manifest attribute so JMeter can skip classfile scanning
2026-05-30 11:50:40,124 INFO o.a.j.JMeter: Running test (1780131040124)
2026-05-30 11:50:40,138 INFO o.a.j.e.StandardJMeterEngine: Starting ThreadGroup: 1 : Thread Group
2026-05-30 11:50:40,139 INFO o.a.j.e.StandardJMeterEngine: Starting 10 threads for group Thread Group.
2026-05-30 11:50:40,139 INFO o.a.j.e.StandardJMeterEngine: Thread will continue on error
2026-05-30 11:50:40,139 INFO o.a.j.t.ThreadGroup: Starting thread group... number=1 threads=10 ramp-up=5 delayedStart=false
2026-05-30 11:50:40,147 INFO o.a.j.t.ThreadGroup: Started thread group number 1
2026-05-30 11:50:40,148 INFO o.a.j.e.StandardJMeterEngine: All thread groups have been started
2026-05-30 11:50:40,180 INFO o.a.j.t.JMeterThread: Thread started: Thread Group 1-1
2026-05-30 11:50:40,182 INFO o.a.j.s.FileServer: Stored: test-data/users.csv
2026-05-30 11:50:40,205 INFO o.a.j.p.h.s.HTTPHCAbstractImpl: Local host = LAPTOP-XURCEO
2026-05-30 11:50:40,211 INFO o.a.j.p.h.s.HTTPHC4Impl: HTTP request retry count = 0
2026-05-30 11:50:40,213 INFO o.a.j.s.SampleResult: Note: Sample TimeStamps are START times
2026-05-30 11:50:40,213 INFO o.a.j.s.SampleResult: sampleresult.default.encoding is set to UTF-8
2026-05-30 11:50:40,213 INFO o.a.j.s.SampleResult: sampleresult.useNanoTime=true
2026-05-30 11:50:40,213 INFO o.a.j.s.SampleResult: sampleresult.nanoThreadSleep=5000
2026-05-30 11:50:40,678 INFO o.a.j.t.JMeterThread: Thread started: Thread Group 1-2
2026-05-30 11:50:40,688 INFO o.a.j.p.h.s.h.LazyLayeredConnectionSocketFactory: Setting up HTTPS TrustAll Socket Factory
2026-05-30 11:50:40,692 INFO o.a.j.u.JsseSSLManager: Using default SSL protocol: TLS
2026-05-30 11:50:40,692 INFO o.a.j.u.JsseSSLManager: SSL session context: per-thread
2026-05-30 11:50:40,835 INFO o.a.j.u.SSLManager: JmeterKeyStore Location:  type JKS
2026-05-30 11:50:40,836 INFO o.a.j.u.SSLManager: KeyStore created OK
2026-05-30 11:50:40,837 WARN o.a.j.u.SSLManager: Keystore file not found, loading empty keystore
2026-05-30 11:50:41,179 INFO o.a.j.t.JMeterThread: Thread started: Thread Group 1-3
2026-05-30 11:50:41,676 INFO o.a.j.t.JMeterThread: Thread started: Thread Group 1-4
2026-05-30 11:50:42,175 INFO o.a.j.t.JMeterThread: Thread started: Thread Group 1-5
2026-05-30 11:50:42,353 INFO o.a.j.t.JMeterThread: Thread is done: Thread Group 1-2
2026-05-30 11:50:42,441 INFO o.a.j.t.JMeterThread: Thread finished: Thread Group 1-2
2026-05-30 11:50:42,502 INFO o.a.j.t.JMeterThread: Thread is done: Thread Group 1-1
2026-05-30 11:50:42,502 INFO o.a.j.t.JMeterThread: Thread finished: Thread Group 1-1
2026-05-30 11:50:42,675 INFO o.a.j.t.JMeterThread: Thread started: Thread Group 1-6
2026-05-30 11:50:42,709 INFO o.a.j.t.JMeterThread: Thread is done: Thread Group 1-3
2026-05-30 11:50:42,709 INFO o.a.j.t.JMeterThread: Thread finished: Thread Group 1-3
2026-05-30 11:50:43,174 INFO o.a.j.t.JMeterThread: Thread started: Thread Group 1-7
2026-05-30 11:50:43,183 INFO o.a.j.t.JMeterThread: Thread is done: Thread Group 1-4
2026-05-30 11:50:43,183 INFO o.a.j.t.JMeterThread: Thread finished: Thread Group 1-4
2026-05-30 11:50:43,674 INFO o.a.j.t.JMeterThread: Thread started: Thread Group 1-8
2026-05-30 11:50:43,987 INFO o.a.j.t.JMeterThread: Thread is done: Thread Group 1-5
2026-05-30 11:50:43,987 INFO o.a.j.t.JMeterThread: Thread finished: Thread Group 1-5
2026-05-30 11:50:44,174 INFO o.a.j.t.JMeterThread: Thread started: Thread Group 1-9
2026-05-30 11:50:44,343 INFO o.a.j.t.JMeterThread: Thread is done: Thread Group 1-6
2026-05-30 11:50:44,343 INFO o.a.j.t.JMeterThread: Thread finished: Thread Group 1-6
2026-05-30 11:50:44,673 INFO o.a.j.t.JMeterThread: Thread started: Thread Group 1-10
2026-05-30 11:50:44,928 INFO o.a.j.t.JMeterThread: Thread is done: Thread Group 1-7
2026-05-30 11:50:44,928 INFO o.a.j.t.JMeterThread: Thread finished: Thread Group 1-7
2026-05-30 11:50:45,163 INFO o.a.j.t.JMeterThread: Thread is done: Thread Group 1-8
2026-05-30 11:50:45,163 INFO o.a.j.t.JMeterThread: Thread finished: Thread Group 1-8
2026-05-30 11:50:45,668 INFO o.a.j.t.JMeterThread: Thread is done: Thread Group 1-9
2026-05-30 11:50:45,668 INFO o.a.j.t.JMeterThread: Thread finished: Thread Group 1-9
2026-05-30 11:50:46,312 INFO o.a.j.t.JMeterThread: Thread is done: Thread Group 1-10
2026-05-30 11:50:46,312 INFO o.a.j.t.JMeterThread: Thread finished: Thread Group 1-10
2026-05-30 11:50:46,313 INFO o.a.j.e.StandardJMeterEngine: Notifying test listeners of end of test
2026-05-30 11:50:46,313 INFO o.a.j.s.FileServer: Close: test-data/users.csv
2026-05-30 11:50:46,316 INFO o.a.j.r.Summariser: summary =     60 in 00:00:06 =    9.7/s Avg:   273 Min:   113 Max:  1300 Err:     0 (0.00%)
2026-05-30 11:50:46,317 INFO o.a.j.JMeter: Generating Dashboard
2026-05-30 11:50:46,317 INFO o.a.j.r.d.ReportGenerator: Flushing result collector before report Generation
2026-05-30 11:50:46,344 INFO o.a.j.r.p.NormalizerSampleConsumer: Using format, 'ms', to parse timeStamp field
2026-05-30 11:50:46,468 INFO o.a.j.r.p.AbstractSampleConsumer: class org.apache.jmeter.report.processor.AggregateConsumer#stopProducing(): beginDate produced 0 samples
2026-05-30 11:50:46,468 INFO o.a.j.r.p.AbstractSampleConsumer: class org.apache.jmeter.report.processor.AggregateConsumer#stopProducing(): endDate produced 0 samples
2026-05-30 11:50:46,471 INFO o.a.j.r.p.AbstractSampleConsumer: class org.apache.jmeter.report.processor.ApdexSummaryConsumer#stopProducing(): apdexSummary produced 0 samples
2026-05-30 11:50:46,471 INFO o.a.j.r.p.AbstractSampleConsumer: class org.apache.jmeter.report.processor.RequestsSummaryConsumer#stopProducing(): requestsSummary produced 0 samples
2026-05-30 11:50:46,476 INFO o.a.j.r.p.AbstractSampleConsumer: class org.apache.jmeter.report.processor.StatisticsSummaryConsumer#stopProducing(): statisticsSummary produced 0 samples
2026-05-30 11:50:46,477 INFO o.a.j.r.p.AbstractSampleConsumer: class org.apache.jmeter.report.processor.Top5ErrorsBySamplerConsumer#stopProducing(): top5ErrorsBySampler produced 0 samples
2026-05-30 11:50:46,477 INFO o.a.j.r.p.AbstractSampleConsumer: class org.apache.jmeter.report.processor.ErrorsSummaryConsumer#stopProducing(): errorsSummary produced 0 samples
2026-05-30 11:50:46,479 INFO o.a.j.r.p.AbstractSampleConsumer: class org.apache.jmeter.report.processor.graph.impl.HitsPerSecondGraphConsumer#stopProducing(): hitsPerSecond produced 0 samples
2026-05-30 11:50:46,523 INFO o.a.j.r.p.AbstractSampleConsumer: class org.apache.jmeter.report.processor.graph.impl.LatencyVSRequestGraphConsumer#stopProducing(): latencyVsRequest produced 0 samples
2026-05-30 11:50:46,523 INFO o.a.j.r.p.AbstractSampleConsumer: class org.apache.jmeter.report.processor.graph.impl.SyntheticResponseTimeDistributionGraphConsumer#stopProducing(): syntheticResponseTimeDistribution produced 0 samples
2026-05-30 11:50:46,524 INFO o.a.j.r.p.AbstractSampleConsumer: class org.apache.jmeter.report.processor.graph.impl.BytesThroughputGraphConsumer#stopProducing(): bytesThroughputOverTime produced 0 samples
2026-05-30 11:50:46,524 INFO o.a.j.r.p.AbstractSampleConsumer: class org.apache.jmeter.report.processor.graph.impl.CodesPerSecondGraphConsumer#stopProducing(): codesPerSecond produced 0 samples
2026-05-30 11:50:46,556 INFO o.a.j.r.p.AbstractSampleConsumer: class org.apache.jmeter.report.processor.graph.impl.ResponseTimeVSRequestGraphConsumer#stopProducing(): responseTimeVsRequest produced 0 samples
2026-05-30 11:50:46,556 INFO o.a.j.r.p.AbstractSampleConsumer: class org.apache.jmeter.report.processor.FilterConsumer#stopProducing(): startIntervalControlerFilter produced 945 samples
2026-05-30 11:50:46,556 INFO o.a.j.r.p.AbstractSampleConsumer: class org.apache.jmeter.report.processor.graph.impl.TotalTPSGraphConsumer#stopProducing(): totalTPS produced 0 samples
2026-05-30 11:50:46,556 INFO o.a.j.r.p.AbstractSampleConsumer: class org.apache.jmeter.report.processor.graph.impl.ActiveThreadsGraphConsumer#stopProducing(): activeThreadsOverTime produced 0 samples
2026-05-30 11:50:46,556 INFO o.a.j.r.p.AbstractSampleConsumer: class org.apache.jmeter.report.processor.graph.impl.TimeVSThreadGraphConsumer#stopProducing(): timeVsThreads produced 0 samples
2026-05-30 11:50:46,556 INFO o.a.j.r.p.AbstractSampleConsumer: class org.apache.jmeter.report.processor.graph.impl.ResponseTimeDistributionGraphConsumer#stopProducing(): responseTimeDistribution produced 0 samples
2026-05-30 11:50:46,557 INFO o.a.j.r.p.AbstractSampleConsumer: class org.apache.jmeter.report.processor.graph.impl.TransactionsPerSecondGraphConsumer#stopProducing(): transactionsPerSecond produced 0 samples
2026-05-30 11:50:46,557 INFO o.a.j.r.p.AbstractSampleConsumer: class org.apache.jmeter.report.processor.graph.impl.ResponseTimePercentilesGraphConsumer#stopProducing(): responseTimePercentiles produced 0 samples
2026-05-30 11:50:46,558 INFO o.a.j.r.p.AbstractSampleConsumer: class org.apache.jmeter.report.processor.graph.impl.ResponseTimePercentilesOverTimeGraphConsumer#stopProducing(): responseTimePercentilesOverTime produced 0 samples
2026-05-30 11:50:46,558 INFO o.a.j.r.p.AbstractSampleConsumer: class org.apache.jmeter.report.processor.graph.impl.ResponseTimeOverTimeGraphConsumer#stopProducing(): responseTimesOverTime produced 0 samples
2026-05-30 11:50:46,558 INFO o.a.j.r.p.AbstractSampleConsumer: class org.apache.jmeter.report.processor.graph.impl.ConnectTimeOverTimeGraphConsumer#stopProducing(): connectTimeOverTime produced 0 samples
2026-05-30 11:50:46,558 INFO o.a.j.r.p.AbstractSampleConsumer: class org.apache.jmeter.report.processor.graph.impl.LatencyOverTimeGraphConsumer#stopProducing(): latenciesOverTime produced 0 samples
2026-05-30 11:50:46,558 INFO o.a.j.r.p.AbstractSampleConsumer: class org.apache.jmeter.report.processor.FilterConsumer#stopProducing(): nameFilter produced 2025 samples
2026-05-30 11:50:46,558 INFO o.a.j.r.p.AbstractSampleConsumer: class org.apache.jmeter.report.processor.FilterConsumer#stopProducing(): dateRangeFilter produced 405 samples
2026-05-30 11:50:46,558 INFO o.a.j.r.p.AbstractSampleConsumer: class org.apache.jmeter.report.processor.NormalizerSampleConsumer#stopProducing(): normalizer produced 135 samples
2026-05-30 11:50:46,559 INFO o.a.j.r.p.CsvFileSampleSource: produce(): 135 samples produced in 191ms on channel 0
2026-05-30 11:50:46,559 INFO o.a.j.r.d.ReportGenerator: Exporting data using exporter:'json' of className:'org.apache.jmeter.report.dashboard.JsonExporter'
2026-05-30 11:50:46,610 INFO o.a.j.r.d.JsonExporter: Found data for consumer statisticsSummary in context
2026-05-30 11:50:46,611 INFO o.a.j.r.d.JsonExporter: Creating statistics for overall
2026-05-30 11:50:46,611 INFO o.a.j.r.d.JsonExporter: Creating statistics for other transactions
2026-05-30 11:50:46,612 INFO o.a.j.r.d.JsonExporter: Checking output folder
2026-05-30 11:50:46,612 INFO o.a.j.r.d.JsonExporter: Writing statistics JSON to F:\КАІ\3курс\2 Семестр\ЯПЗТ\jmeter-performance-testing\reports\html_report_login\statistics.json
2026-05-30 11:50:46,646 INFO o.a.j.r.d.ReportGenerator: Exporting data using exporter:'html' of className:'org.apache.jmeter.report.dashboard.HtmlTemplateExporter'
2026-05-30 11:50:46,649 INFO o.a.j.r.d.HtmlTemplateExporter: Will generate dashboard in folder: F:\КАІ\3курс\2 Семестр\ЯПЗТ\jmeter-performance-testing\reports\html_report_login
2026-05-30 11:50:46,718 INFO o.a.j.r.d.HtmlTemplateExporter: Report will be generated in: F:\КАІ\3курс\2 Семестр\ЯПЗТ\jmeter-performance-testing\reports\html_report_login, creating folder structure
2026-05-30 11:50:46,720 INFO o.a.j.r.d.TemplateVisitor: Copying folder from 'F:\Program Files\apache-jmeter-5.6.3\bin\report-template' to 'F:\КАІ\3курс\2 Семестр\ЯПЗТ\jmeter-performance-testing\reports\html_report_login', got message: F:\КАІ\3курс\2 Семестр\ЯПЗТ\jmeter-performance-testing\reports\html_report_login, found non empty folder with following content [F:\КАІ\3курс\2 Семестр\ЯПЗТ\jmeter-performance-testing\reports\html_report_login\statistics.json], will be ignored
2026-05-30 11:50:46,980 INFO o.a.j.JMeter: Dashboard generated
